<?xml version="1.0" encoding="UTF-8" ?>
<testsuite tests="4" failures="0" name="com.mycompany.starwarssimu.StarWarsCharactersTest" time="0.039" errors="0" skipped="0">
  <properties>
[...]
</properties>
  <testcase classname="com.mycompany.starwarssimu.StarWarsCharactersTest" name="com.mycompany.starwarssimu.StarWarsCharactersTest.testFight_Same_Sides_fights_With_Different_Strength" time="0.02"/>
  <testcase classname="com.mycompany.starwarssimu.StarWarsCharactersTest" name="com.mycompany.starwarssimu.StarWarsCharactersTest.testFight_Different_Sides_fights_With_Different_Strength" time="0.019"/>
  <testcase classname="com.mycompany.starwarssimu.StarWarsCharactersTest" name="com.mycompany.starwarssimu.StarWarsCharactersTest.testFight_Different_Sides_fights_With_Same_Strength" time="0"/>
  <testcase classname="com.mycompany.starwarssimu.StarWarsCharactersTest" name="com.mycompany.starwarssimu.StarWarsCharactersTest.testTaunt" time="0"/>
</testsuite>